{"level":"info","message":"Hello from the acquisitions service!","service":"user-service","timestamp":"2026-07-02T14:36:14.156Z"}
{"level":"info","message":"::1 - - [02/Jul/2026:14:36:14 +0000] \"GET / HTTP/1.1\" 304 - \"-\" \"Mozilla/5.0 (Windows NT 10.0; Win64; x64) AppleWebKit/537.36 (KHTML, like Gecko) Code/1.126.0 Chrome/148.0.7778.97 Electron/42.2.0 Safari/537.36\"","service":"user-service","timestamp":"2026-07-02T14:36:14.161Z"}
{"level":"info","message":"Hello from the acquisitions service!","service":"user-service","timestamp":"2026-07-03T14:04:41.683Z"}
{"level":"info","message":"::1 - - [03/Jul/2026:14:04:41 +0000] \"GET / HTTP/1.1\" 304 - \"-\" \"Mozilla/5.0 (Windows NT 10.0; Win64; x64) AppleWebKit/537.36 (KHTML, like Gecko) Code/1.126.0 Chrome/148.0.7778.97 Electron/42.2.0 Safari/537.36\"","service":"user-service","timestamp":"2026-07-03T14:04:41.690Z"}
{"level":"info","message":"Hello from the acquisitions service!","service":"user-service","timestamp":"2026-07-03T14:05:12.562Z"}
{"level":"info","message":"::1 - - [03/Jul/2026:14:05:12 +0000] \"GET / HTTP/1.1\" 304 - \"-\" \"Mozilla/5.0 (Windows NT 10.0; Win64; x64) AppleWebKit/537.36 (KHTML, like Gecko) Code/1.126.0 Chrome/148.0.7778.97 Electron/42.2.0 Safari/537.36\"","service":"user-service","timestamp":"2026-07-03T14:05:12.563Z"}
{"level":"info","message":"Hello from the acquisitions service!","service":"user-service","timestamp":"2026-07-03T14:08:56.815Z"}
{"level":"info","message":"::1 - - [03/Jul/2026:14:08:56 +0000] \"GET / HTTP/1.1\" 200 36 \"-\" \"HTTPie\"","service":"user-service","timestamp":"2026-07-03T14:08:56.827Z"}
{"level":"info","message":"::1 - - [03/Jul/2026:14:09:26 +0000] \"GET /api HTTP/1.1\" 200 41 \"-\" \"HTTPie\"","service":"user-service","timestamp":"2026-07-03T14:09:26.331Z"}
{"level":"info","message":"::1 - - [03/Jul/2026:14:09:43 +0000] \"GET /health HTTP/1.1\" 200 75 \"-\" \"HTTPie\"","service":"user-service","timestamp":"2026-07-03T14:09:43.117Z"}
{"level":"info","message":"::1 - - [03/Jul/2026:14:10:00 +0000] \"GET /api/auth/sign-in HTTP/1.1\" 404 155 \"-\" \"HTTPie\"","service":"user-service","timestamp":"2026-07-03T14:10:00.562Z"}
{"level":"info","message":"::1 - - [03/Jul/2026:14:10:55 +0000] \"GET /api/auth/sign-in%20response%22 HTTP/1.1\" 404 169 \"-\" \"HTTPie\"","service":"user-service","timestamp":"2026-07-03T14:10:55.928Z"}
{"level":"info","message":"::1 - - [03/Jul/2026:14:11:02 +0000] \"GET /api/auth/sign-in%22 HTTP/1.1\" 404 158 \"-\" \"HTTPie\"","service":"user-service","timestamp":"2026-07-03T14:11:02.943Z"}
{"level":"info","message":"::1 - - [03/Jul/2026:14:11:03 +0000] \"GET /api/auth/sign-in%22 HTTP/1.1\" 404 158 \"-\" \"HTTPie\"","service":"user-service","timestamp":"2026-07-03T14:11:03.409Z"}
{"level":"info","message":"::1 - - [03/Jul/2026:14:11:03 +0000] \"GET /api/auth/sign-in%22 HTTP/1.1\" 404 158 \"-\" \"HTTPie\"","service":"user-service","timestamp":"2026-07-03T14:11:03.581Z"}
{"level":"info","message":"::1 - - [03/Jul/2026:14:11:03 +0000] \"GET /api/auth/sign-in%22 HTTP/1.1\" 404 158 \"-\" \"HTTPie\"","service":"user-service","timestamp":"2026-07-03T14:11:03.746Z"}
{"level":"info","message":"::1 - - [03/Jul/2026:14:11:03 +0000] \"GET /api/auth/sign-in%22 HTTP/1.1\" 404 158 \"-\" \"HTTPie\"","service":"user-service","timestamp":"2026-07-03T14:11:03.895Z"}
{"level":"info","message":"::1 - - [03/Jul/2026:14:11:04 +0000] \"GET /api/auth/sign-in%22 HTTP/1.1\" 404 158 \"-\" \"HTTPie\"","service":"user-service","timestamp":"2026-07-03T14:11:04.044Z"}
{"level":"info","message":"::1 - - [03/Jul/2026:14:11:04 +0000] \"GET /api/auth/sign-in%22 HTTP/1.1\" 404 158 \"-\" \"HTTPie\"","service":"user-service","timestamp":"2026-07-03T14:11:04.206Z"}
{"level":"info","message":"::1 - - [03/Jul/2026:14:11:04 +0000] \"GET /api/auth/sign-in%22 HTTP/1.1\" 404 158 \"-\" \"HTTPie\"","service":"user-service","timestamp":"2026-07-03T14:11:04.367Z"}
{"level":"info","message":"Hello from the acquisitions service!","service":"user-service","timestamp":"2026-07-03T14:14:17.501Z"}
{"level":"info","message":"::1 - - [03/Jul/2026:14:14:17 +0000] \"GET / HTTP/1.1\" 304 - \"-\" \"Mozilla/5.0 (Windows NT 10.0; Win64; x64) AppleWebKit/537.36 (KHTML, like Gecko) Code/1.126.0 Chrome/148.0.7778.97 Electron/42.2.0 Safari/537.36\"","service":"user-service","timestamp":"2026-07-03T14:14:17.507Z"}
{"level":"info","message":"::1 - - [03/Jul/2026:14:14:31 +0000] \"GET /api/auth/test HTTP/1.1\" 200 18 \"-\" \"HTTPie\"","service":"user-service","timestamp":"2026-07-03T14:14:31.315Z"}
{"level":"info","message":"::1 - - [03/Jul/2026:14:15:57 +0000] \"GET /api/auth/sign-in HTTP/1.1\" 404 155 \"-\" \"Mozilla/5.0 (Windows NT 10.0; Win64; x64) AppleWebKit/537.36 (KHTML, like Gecko) Chrome/150.0.0.0 Safari/537.36\"","service":"user-service","timestamp":"2026-07-03T14:15:57.424Z"}
{"level":"info","message":"::1 - - [03/Jul/2026:14:16:12 +0000] \"GET /api/auth HTTP/1.1\" 404 147 \"-\" \"Mozilla/5.0 (Windows NT 10.0; Win64; x64) AppleWebKit/537.36 (KHTML, like Gecko) Chrome/150.0.0.0 Safari/537.36\"","service":"user-service","timestamp":"2026-07-03T14:16:12.581Z"}
{"level":"info","message":"::1 - - [03/Jul/2026:14:16:18 +0000] \"GET /api HTTP/1.1\" 200 41 \"-\" \"Mozilla/5.0 (Windows NT 10.0; Win64; x64) AppleWebKit/537.36 (KHTML, like Gecko) Chrome/150.0.0.0 Safari/537.36\"","service":"user-service","timestamp":"2026-07-03T14:16:18.093Z"}
{"level":"info","message":"::1 - - [03/Jul/2026:14:16:18 +0000] \"GET /favicon.ico HTTP/1.1\" 404 150 \"-\" \"Mozilla/5.0 (Windows NT 10.0; Win64; x64) AppleWebKit/537.36 (KHTML, like Gecko) Chrome/150.0.0.0 Safari/537.36\"","service":"user-service","timestamp":"2026-07-03T14:16:18.126Z"}
{"level":"info","message":"Hello from the acquisitions service!","service":"user-service","timestamp":"2026-07-03T14:17:09.713Z"}
{"level":"info","message":"::1 - - [03/Jul/2026:14:17:09 +0000] \"GET / HTTP/1.1\" 304 - \"-\" \"Mozilla/5.0 (Windows NT 10.0; Win64; x64) AppleWebKit/537.36 (KHTML, like Gecko) Code/1.126.0 Chrome/148.0.7778.97 Electron/42.2.0 Safari/537.36\"","service":"user-service","timestamp":"2026-07-03T14:17:09.720Z"}
{"level":"info","message":"::1 - - [03/Jul/2026:14:17:57 +0000] \"GET /api/auth/sign-in HTTP/1.1\" 404 155 \"-\" \"Mozilla/5.0 (Windows NT 10.0; Win64; x64) AppleWebKit/537.36 (KHTML, like Gecko) Chrome/150.0.0.0 Safari/537.36\"","service":"user-service","timestamp":"2026-07-03T14:17:57.547Z"}
{"level":"info","message":"::1 - - [03/Jul/2026:14:18:08 +0000] \"GET /api/auth/sign-in HTTP/1.1\" 404 155 \"-\" \"Mozilla/5.0 (Windows NT 10.0; Win64; x64) AppleWebKit/537.36 (KHTML, like Gecko) Chrome/150.0.0.0 Safari/537.36\"","service":"user-service","timestamp":"2026-07-03T14:18:08.114Z"}
{"level":"info","message":"::1 - - [03/Jul/2026:14:18:43 +0000] \"GET /api/auth/sign-in HTTP/1.1\" 404 155 \"-\" \"HTTPie\"","service":"user-service","timestamp":"2026-07-03T14:18:43.432Z"}
{"level":"info","message":"::1 - - [03/Jul/2026:14:18:48 +0000] \"POST /api/auth/sign-in HTTP/1.1\" 200 31 \"-\" \"HTTPie\"","service":"user-service","timestamp":"2026-07-03T14:18:48.416Z"}
{"level":"info","message":"::1 - - [03/Jul/2026:14:20:21 +0000] \"POST /api/auth/sign-out HTTP/1.1\" 404 157 \"-\" \"HTTPie\"","service":"user-service","timestamp":"2026-07-03T14:20:21.665Z"}
{"level":"info","message":"::1 - - [03/Jul/2026:14:20:33 +0000] \"POST /api/auth/sign-in HTTP/1.1\" 200 31 \"-\" \"HTTPie\"","service":"user-service","timestamp":"2026-07-03T14:20:33.837Z"}
{"level":"info","message":"::1 - - [03/Jul/2026:14:20:43 +0000] \"POST /api/auth/sign-up HTTP/1.1\" 404 156 \"-\" \"HTTPie\"","service":"user-service","timestamp":"2026-07-03T14:20:43.394Z"}
{"level":"info","message":"::1 - - [03/Jul/2026:14:21:29 +0000] \"POST /api/auth/sign-in HTTP/1.1\" 200 31 \"-\" \"HTTPie\"","service":"user-service","timestamp":"2026-07-03T14:21:29.991Z"}
{"level":"info","message":"Hello from the acquisitions service!","service":"user-service","timestamp":"2026-07-03T14:23:30.423Z"}
{"level":"info","message":"::1 - - [03/Jul/2026:14:23:30 +0000] \"GET / HTTP/1.1\" 304 - \"-\" \"Mozilla/5.0 (Windows NT 10.0; Win64; x64) AppleWebKit/537.36 (KHTML, like Gecko) Code/1.126.0 Chrome/148.0.7778.97 Electron/42.2.0 Safari/537.36\"","service":"user-service","timestamp":"2026-07-03T14:23:30.435Z"}
{"level":"info","message":"::1 - - [03/Jul/2026:14:23:38 +0000] \"POST /api/auth/sign-out HTTP/1.1\" 200 32 \"-\" \"HTTPie\"","service":"user-service","timestamp":"2026-07-03T14:23:38.784Z"}
{"level":"info","message":"::1 - - [03/Jul/2026:14:23:46 +0000] \"POST /api/auth/sign-up HTTP/1.1\" 200 31 \"-\" \"HTTPie\"","service":"user-service","timestamp":"2026-07-03T14:23:46.146Z"}
{"level":"info","message":"Hello from the acquisitions service!","service":"user-service","timestamp":"2026-07-04T14:43:04.982Z"}
{"level":"info","message":"::1 - - [04/Jul/2026:14:43:04 +0000] \"GET / HTTP/1.1\" 304 - \"-\" \"Mozilla/5.0 (Windows NT 10.0; Win64; x64) AppleWebKit/537.36 (KHTML, like Gecko) Code/1.126.0 Chrome/148.0.7778.97 Electron/42.2.0 Safari/537.36\"","service":"user-service","timestamp":"2026-07-04T14:43:04.989Z"}
{"level":"info","message":"::1 - - [04/Jul/2026:14:43:09 +0000] \"POST /api/auth/sign-up HTTP/1.1\" 200 31 \"-\" \"HTTPie\"","service":"user-service","timestamp":"2026-07-04T14:43:09.073Z"}
{"level":"info","message":"Hello from the acquisitions service!","service":"user-service","timestamp":"2026-07-04T14:49:01.311Z"}
{"level":"info","message":"::1 - - [04/Jul/2026:14:49:01 +0000] \"GET / HTTP/1.1\" 304 - \"-\" \"Mozilla/5.0 (Windows NT 10.0; Win64; x64) AppleWebKit/537.36 (KHTML, like Gecko) Code/1.126.0 Chrome/148.0.7778.97 Electron/42.2.0 Safari/537.36\"","service":"user-service","timestamp":"2026-07-04T14:49:01.319Z"}
{"level":"info","message":"::1 - - [04/Jul/2026:14:51:04 +0000] \"POST /api/auth/sign-up HTTP/1.1\" 500 1164 \"-\" \"HTTPie\"","service":"user-service","timestamp":"2026-07-04T14:51:04.918Z"}
{"level":"info","message":"Hello from the acquisitions service!","service":"user-service","timestamp":"2026-07-04T14:56:18.160Z"}
{"level":"info","message":"::1 - - [04/Jul/2026:14:56:18 +0000] \"GET / HTTP/1.1\" 304 - \"-\" \"Mozilla/5.0 (Windows NT 10.0; Win64; x64) AppleWebKit/537.36 (KHTML, like Gecko) Code/1.126.0 Chrome/148.0.7778.97 Electron/42.2.0 Safari/537.36\"","service":"user-service","timestamp":"2026-07-04T14:56:18.166Z"}
{"level":"info","message":"::1 - - [04/Jul/2026:14:56:20 +0000] \"POST /api/auth/sign-up HTTP/1.1\" 400 62 \"-\" \"HTTPie\"","service":"user-service","timestamp":"2026-07-04T14:56:20.194Z"}
{"level":"info","message":"::1 - - [04/Jul/2026:14:57:57 +0000] \"POST /api/auth/sign-up?email=contact%40jsmastery.com%0A HTTP/1.1\" 400 62 \"-\" \"HTTPie\"","service":"user-service","timestamp":"2026-07-04T14:57:57.643Z"}
{"level":"info","message":"::1 - - [04/Jul/2026:14:58:02 +0000] \"POST /api/auth/sign-up?email=contact%40jsmastery.com%0A HTTP/1.1\" 400 62 \"-\" \"HTTPie\"","service":"user-service","timestamp":"2026-07-04T14:58:02.797Z"}
{"level":"info","message":"::1 - - [04/Jul/2026:14:58:53 +0000] \"POST /api/auth/sign-up?email=contact%40jsmastery.com%0A&name%0A=Adrian&password=123123 HTTP/1.1\" 400 62 \"-\" \"HTTPie\"","service":"user-service","timestamp":"2026-07-04T14:58:53.848Z"}
{"level":"info","message":"::1 - - [04/Jul/2026:14:58:54 +0000] \"POST /api/auth/sign-up?email=contact%40jsmastery.com%0A&name%0A=Adrian&password=123123 HTTP/1.1\" 400 62 \"-\" \"HTTPie\"","service":"user-service","timestamp":"2026-07-04T14:58:54.577Z"}
{"level":"info","message":"::1 - - [04/Jul/2026:14:58:54 +0000] \"POST /api/auth/sign-up?email=contact%40jsmastery.com%0A&name%0A=Adrian&password=123123 HTTP/1.1\" 400 62 \"-\" \"HTTPie\"","service":"user-service","timestamp":"2026-07-04T14:58:54.737Z"}
{"level":"info","message":"::1 - - [04/Jul/2026:14:58:54 +0000] \"POST /api/auth/sign-up?email=contact%40jsmastery.com%0A&name%0A=Adrian&password=123123 HTTP/1.1\" 400 62 \"-\" \"HTTPie\"","service":"user-service","timestamp":"2026-07-04T14:58:54.971Z"}
{"level":"info","message":"Hello from the acquisitions service!","service":"user-service","timestamp":"2026-07-07T13:53:13.835Z"}
{"level":"info","message":"::1 - - [07/Jul/2026:13:53:13 +0000] \"GET / HTTP/1.1\" 304 - \"-\" \"Mozilla/5.0 (Windows NT 10.0; Win64; x64) AppleWebKit/537.36 (KHTML, like Gecko) Code/1.127.0 Chrome/148.0.7778.97 Electron/42.2.0 Safari/537.36\"","service":"user-service","timestamp":"2026-07-07T13:53:13.839Z"}
{"level":"info","message":"::1 - - [07/Jul/2026:13:53:19 +0000] \"GET /health HTTP/1.1\" 200 73 \"-\" \"Mozilla/5.0 (Windows NT 10.0; Win64; x64) AppleWebKit/537.36 (KHTML, like Gecko) Code/1.127.0 Chrome/148.0.7778.97 Electron/42.2.0 Safari/537.36\"","service":"user-service","timestamp":"2026-07-07T13:53:19.091Z"}
{"level":"info","message":"::1 - - [07/Jul/2026:13:53:49 +0000] \"POST /health?email=contact%40jsmastery.com%0A&name%0A=Adrian&password=123123 HTTP/1.1\" 404 146 \"-\" \"HTTPie\"","service":"user-service","timestamp":"2026-07-07T13:53:49.345Z"}
{"level":"info","message":"::1 - - [07/Jul/2026:13:53:56 +0000] \"GET /health?email=contact%40jsmastery.com%0A&name%0A=Adrian&password=123123 HTTP/1.1\" 200 74 \"-\" \"HTTPie\"","service":"user-service","timestamp":"2026-07-07T13:53:56.340Z"}
{"level":"info","message":"::1 - - [07/Jul/2026:13:54:09 +0000] \"GET /health?email=contact%40jsmastery.com%0A&name%0A=Adrian&password=123123 HTTP/1.1\" 200 73 \"-\" \"HTTPie\"","service":"user-service","timestamp":"2026-07-07T13:54:09.474Z"}
{"level":"info","message":"::1 - - [07/Jul/2026:13:54:09 +0000] \"GET /health?email=contact%40jsmastery.com%0A&name%0A=Adrian&password=123123 HTTP/1.1\" 200 74 \"-\" \"HTTPie\"","service":"user-service","timestamp":"2026-07-07T13:54:09.753Z"}
{"level":"info","message":"::1 - - [07/Jul/2026:13:54:09 +0000] \"GET /health?email=contact%40jsmastery.com%0A&name%0A=Adrian&password=123123 HTTP/1.1\" 200 74 \"-\" \"HTTPie\"","service":"user-service","timestamp":"2026-07-07T13:54:09.953Z"}
{"level":"info","message":"::1 - - [07/Jul/2026:13:54:10 +0000] \"GET /health?email=contact%40jsmastery.com%0A&name%0A=Adrian&password=123123 HTTP/1.1\" 200 74 \"-\" \"HTTPie\"","service":"user-service","timestamp":"2026-07-07T13:54:10.208Z"}
{"level":"info","message":"::1 - - [07/Jul/2026:13:54:10 +0000] \"GET /health?email=contact%40jsmastery.com%0A&name%0A=Adrian&password=123123 HTTP/1.1\" 200 74 \"-\" \"HTTPie\"","service":"user-service","timestamp":"2026-07-07T13:54:10.374Z"}
{"level":"info","message":"::1 - - [07/Jul/2026:13:54:10 +0000] \"GET /health?email=contact%40jsmastery.com%0A&name%0A=Adrian&password=123123 HTTP/1.1\" 200 74 \"-\" \"HTTPie\"","service":"user-service","timestamp":"2026-07-07T13:54:10.546Z"}
{"level":"info","message":"::1 - - [07/Jul/2026:13:54:10 +0000] \"GET /health?email=contact%40jsmastery.com%0A&name%0A=Adrian&password=123123 HTTP/1.1\" 200 74 \"-\" \"HTTPie\"","service":"user-service","timestamp":"2026-07-07T13:54:10.716Z"}
{"level":"info","message":"::1 - - [07/Jul/2026:13:54:10 +0000] \"GET /health?email=contact%40jsmastery.com%0A&name%0A=Adrian&password=123123 HTTP/1.1\" 200 74 \"-\" \"HTTPie\"","service":"user-service","timestamp":"2026-07-07T13:54:10.886Z"}
{"level":"info","message":"::1 - - [07/Jul/2026:13:54:11 +0000] \"GET /health?email=contact%40jsmastery.com%0A&name%0A=Adrian&password=123123 HTTP/1.1\" 200 74 \"-\" \"HTTPie\"","service":"user-service","timestamp":"2026-07-07T13:54:11.054Z"}
{"level":"info","message":"::1 - - [07/Jul/2026:13:54:11 +0000] \"GET /health?email=contact%40jsmastery.com%0A&name%0A=Adrian&password=123123 HTTP/1.1\" 200 73 \"-\" \"HTTPie\"","service":"user-service","timestamp":"2026-07-07T13:54:11.214Z"}
{"level":"info","message":"::1 - - [07/Jul/2026:13:54:11 +0000] \"GET /health?email=contact%40jsmastery.com%0A&name%0A=Adrian&password=123123 HTTP/1.1\" 200 74 \"-\" \"HTTPie\"","service":"user-service","timestamp":"2026-07-07T13:54:11.438Z"}
{"level":"info","message":"::1 - - [07/Jul/2026:13:54:12 +0000] \"GET /health?email=contact%40jsmastery.com%0A&name%0A=Adrian&password=123123 HTTP/1.1\" 200 74 \"-\" \"HTTPie\"","service":"user-service","timestamp":"2026-07-07T13:54:12.324Z"}
{"level":"info","message":"::1 - - [07/Jul/2026:13:54:12 +0000] \"GET /health?email=contact%40jsmastery.com%0A&name%0A=Adrian&password=123123 HTTP/1.1\" 200 74 \"-\" \"HTTPie\"","service":"user-service","timestamp":"2026-07-07T13:54:12.873Z"}
{"level":"info","message":"::1 - - [07/Jul/2026:13:54:13 +0000] \"GET /health?email=contact%40jsmastery.com%0A&name%0A=Adrian&password=123123 HTTP/1.1\" 200 74 \"-\" \"HTTPie\"","service":"user-service","timestamp":"2026-07-07T13:54:13.241Z"}
{"level":"info","message":"::1 - - [07/Jul/2026:13:54:13 +0000] \"GET /health?email=contact%40jsmastery.com%0A&name%0A=Adrian&password=123123 HTTP/1.1\" 200 74 \"-\" \"HTTPie\"","service":"user-service","timestamp":"2026-07-07T13:54:13.449Z"}
{"level":"info","message":"::1 - - [07/Jul/2026:13:54:13 +0000] \"GET /health?email=contact%40jsmastery.com%0A&name%0A=Adrian&password=123123 HTTP/1.1\" 200 74 \"-\" \"HTTPie\"","service":"user-service","timestamp":"2026-07-07T13:54:13.656Z"}
{"level":"info","message":"::1 - - [07/Jul/2026:13:54:13 +0000] \"GET /health?email=contact%40jsmastery.com%0A&name%0A=Adrian&password=123123 HTTP/1.1\" 200 74 \"-\" \"HTTPie\"","service":"user-service","timestamp":"2026-07-07T13:54:13.841Z"}
{"level":"info","message":"::1 - - [07/Jul/2026:13:54:14 +0000] \"GET /health?email=contact%40jsmastery.com%0A&name%0A=Adrian&password=123123 HTTP/1.1\" 200 73 \"-\" \"HTTPie\"","service":"user-service","timestamp":"2026-07-07T13:54:14.041Z"}
{"level":"info","message":"::1 - - [07/Jul/2026:13:54:14 +0000] \"GET /health?email=contact%40jsmastery.com%0A&name%0A=Adrian&password=123123 HTTP/1.1\" 200 74 \"-\" \"HTTPie\"","service":"user-service","timestamp":"2026-07-07T13:54:14.246Z"}
{"level":"info","message":"::1 - - [07/Jul/2026:13:54:14 +0000] \"GET /health?email=contact%40jsmastery.com%0A&name%0A=Adrian&password=123123 HTTP/1.1\" 200 74 \"-\" \"HTTPie\"","service":"user-service","timestamp":"2026-07-07T13:54:14.422Z"}
{"level":"info","message":"::1 - - [07/Jul/2026:13:54:14 +0000] \"GET /health?email=contact%40jsmastery.com%0A&name%0A=Adrian&password=123123 HTTP/1.1\" 200 74 \"-\" \"HTTPie\"","service":"user-service","timestamp":"2026-07-07T13:54:14.605Z"}
{"level":"info","message":"::1 - - [07/Jul/2026:13:54:14 +0000] \"GET /health?email=contact%40jsmastery.com%0A&name%0A=Adrian&password=123123 HTTP/1.1\" 200 74 \"-\" \"HTTPie\"","service":"user-service","timestamp":"2026-07-07T13:54:14.819Z"}
{"level":"info","message":"::1 - - [07/Jul/2026:13:54:14 +0000] \"GET /health?email=contact%40jsmastery.com%0A&name%0A=Adrian&password=123123 HTTP/1.1\" 200 74 \"-\" \"HTTPie\"","service":"user-service","timestamp":"2026-07-07T13:54:14.988Z"}
{"level":"info","message":"::1 - - [07/Jul/2026:13:54:15 +0000] \"GET /health?email=contact%40jsmastery.com%0A&name%0A=Adrian&password=123123 HTTP/1.1\" 200 74 \"-\" \"HTTPie\"","service":"user-service","timestamp":"2026-07-07T13:54:15.203Z"}
{"level":"info","message":"::1 - - [07/Jul/2026:13:54:15 +0000] \"GET /health?email=contact%40jsmastery.com%0A&name%0A=Adrian&password=123123 HTTP/1.1\" 200 74 \"-\" \"HTTPie\"","service":"user-service","timestamp":"2026-07-07T13:54:15.393Z"}
{"level":"info","message":"::1 - - [07/Jul/2026:13:54:15 +0000] \"GET /health?email=contact%40jsmastery.com%0A&name%0A=Adrian&password=123123 HTTP/1.1\" 200 74 \"-\" \"HTTPie\"","service":"user-service","timestamp":"2026-07-07T13:54:15.604Z"}
{"level":"info","message":"::1 - - [07/Jul/2026:13:54:15 +0000] \"GET /health?email=contact%40jsmastery.com%0A&name%0A=Adrian&password=123123 HTTP/1.1\" 200 74 \"-\" \"HTTPie\"","service":"user-service","timestamp":"2026-07-07T13:54:15.770Z"}
{"level":"info","message":"::1 - - [07/Jul/2026:13:54:15 +0000] \"GET /health?email=contact%40jsmastery.com%0A&name%0A=Adrian&password=123123 HTTP/1.1\" 200 74 \"-\" \"HTTPie\"","service":"user-service","timestamp":"2026-07-07T13:54:15.941Z"}
{"level":"info","message":"::1 - - [07/Jul/2026:13:54:16 +0000] \"GET /health?email=contact%40jsmastery.com%0A&name%0A=Adrian&password=123123 HTTP/1.1\" 200 74 \"-\" \"HTTPie\"","service":"user-service","timestamp":"2026-07-07T13:54:16.142Z"}
{"level":"info","message":"::1 - - [07/Jul/2026:13:54:16 +0000] \"GET /health?email=contact%40jsmastery.com%0A&name%0A=Adrian&password=123123 HTTP/1.1\" 200 74 \"-\" \"HTTPie\"","service":"user-service","timestamp":"2026-07-07T13:54:16.348Z"}
{"level":"info","message":"::1 - - [07/Jul/2026:13:54:16 +0000] \"GET /health?email=contact%40jsmastery.com%0A&name%0A=Adrian&password=123123 HTTP/1.1\" 200 74 \"-\" \"HTTPie\"","service":"user-service","timestamp":"2026-07-07T13:54:16.524Z"}
{"level":"info","message":"::1 - - [07/Jul/2026:13:54:16 +0000] \"GET /health?email=contact%40jsmastery.com%0A&name%0A=Adrian&password=123123 HTTP/1.1\" 200 73 \"-\" \"HTTPie\"","service":"user-service","timestamp":"2026-07-07T13:54:16.709Z"}
{"level":"info","message":"::1 - - [07/Jul/2026:13:54:16 +0000] \"GET /health?email=contact%40jsmastery.com%0A&name%0A=Adrian&password=123123 HTTP/1.1\" 200 74 \"-\" \"HTTPie\"","service":"user-service","timestamp":"2026-07-07T13:54:16.877Z"}
{"level":"info","message":"::1 - - [07/Jul/2026:13:54:17 +0000] \"GET /health?email=contact%40jsmastery.com%0A&name%0A=Adrian&password=123123 HTTP/1.1\" 200 74 \"-\" \"HTTPie\"","service":"user-service","timestamp":"2026-07-07T13:54:17.066Z"}
{"level":"info","message":"::1 - - [07/Jul/2026:13:54:17 +0000] \"GET /health?email=contact%40jsmastery.com%0A&name%0A=Adrian&password=123123 HTTP/1.1\" 200 73 \"-\" \"HTTPie\"","service":"user-service","timestamp":"2026-07-07T13:54:17.231Z"}
{"level":"info","message":"::1 - - [07/Jul/2026:13:54:17 +0000] \"GET /health?email=contact%40jsmastery.com%0A&name%0A=Adrian&password=123123 HTTP/1.1\" 200 74 \"-\" \"HTTPie\"","service":"user-service","timestamp":"2026-07-07T13:54:17.403Z"}
{"level":"info","message":"::1 - - [07/Jul/2026:13:54:17 +0000] \"GET /health?email=contact%40jsmastery.com%0A&name%0A=Adrian&password=123123 HTTP/1.1\" 200 74 \"-\" \"HTTPie\"","service":"user-service","timestamp":"2026-07-07T13:54:17.573Z"}
{"level":"info","message":"::1 - - [07/Jul/2026:13:54:19 +0000] \"GET /health?email=contact%40jsmastery.com%0A&name%0A=Adrian&password=123123 HTTP/1.1\" 200 73 \"-\" \"HTTPie\"","service":"user-service","timestamp":"2026-07-07T13:54:19.039Z"}
{"level":"info","message":"::1 - - [07/Jul/2026:13:54:20 +0000] \"GET /health?email=contact%40jsmastery.com%0A&name%0A=Adrian&password=123123 HTTP/1.1\" 200 73 \"-\" \"HTTPie\"","service":"user-service","timestamp":"2026-07-07T13:54:20.141Z"}
{"level":"info","message":"::1 - - [07/Jul/2026:13:54:20 +0000] \"GET /health?email=contact%40jsmastery.com%0A&name%0A=Adrian&password=123123 HTTP/1.1\" 200 74 \"-\" \"HTTPie\"","service":"user-service","timestamp":"2026-07-07T13:54:20.327Z"}
{"level":"info","message":"::1 - - [07/Jul/2026:13:54:20 +0000] \"GET /health?email=contact%40jsmastery.com%0A&name%0A=Adrian&password=123123 HTTP/1.1\" 200 74 \"-\" \"HTTPie\"","service":"user-service","timestamp":"2026-07-07T13:54:20.512Z"}
{"level":"info","message":"::1 - - [07/Jul/2026:13:54:20 +0000] \"GET /health?email=contact%40jsmastery.com%0A&name%0A=Adrian&password=123123 HTTP/1.1\" 200 74 \"-\" \"HTTPie\"","service":"user-service","timestamp":"2026-07-07T13:54:20.707Z"}
{"level":"info","message":"::1 - - [07/Jul/2026:13:54:20 +0000] \"GET /health?email=contact%40jsmastery.com%0A&name%0A=Adrian&password=123123 HTTP/1.1\" 200 74 \"-\" \"HTTPie\"","service":"user-service","timestamp":"2026-07-07T13:54:20.911Z"}
{"level":"info","message":"::1 - - [07/Jul/2026:13:54:21 +0000] \"GET /health?email=contact%40jsmastery.com%0A&name%0A=Adrian&password=123123 HTTP/1.1\" 200 74 \"-\" \"HTTPie\"","service":"user-service","timestamp":"2026-07-07T13:54:21.098Z"}
{"level":"info","message":"::1 - - [07/Jul/2026:13:54:21 +0000] \"GET /health?email=contact%40jsmastery.com%0A&name%0A=Adrian&password=123123 HTTP/1.1\" 200 74 \"-\" \"HTTPie\"","service":"user-service","timestamp":"2026-07-07T13:54:21.273Z"}
{"level":"info","message":"::1 - - [07/Jul/2026:13:54:21 +0000] \"GET /health?email=contact%40jsmastery.com%0A&name%0A=Adrian&password=123123 HTTP/1.1\" 200 73 \"-\" \"HTTPie\"","service":"user-service","timestamp":"2026-07-07T13:54:21.482Z"}
{"level":"info","message":"::1 - - [07/Jul/2026:13:54:21 +0000] \"GET /health?email=contact%40jsmastery.com%0A&name%0A=Adrian&password=123123 HTTP/1.1\" 200 74 \"-\" \"HTTPie\"","service":"user-service","timestamp":"2026-07-07T13:54:21.657Z"}
{"level":"info","message":"::1 - - [07/Jul/2026:13:54:21 +0000] \"GET /health?email=contact%40jsmastery.com%0A&name%0A=Adrian&password=123123 HTTP/1.1\" 200 74 \"-\" \"HTTPie\"","service":"user-service","timestamp":"2026-07-07T13:54:21.838Z"}
{"level":"info","message":"::1 - - [07/Jul/2026:13:54:22 +0000] \"GET /health?email=contact%40jsmastery.com%0A&name%0A=Adrian&password=123123 HTTP/1.1\" 200 74 \"-\" \"HTTPie\"","service":"user-service","timestamp":"2026-07-07T13:54:22.020Z"}
{"level":"info","message":"::1 - - [07/Jul/2026:13:54:22 +0000] \"GET /health?email=contact%40jsmastery.com%0A&name%0A=Adrian&password=123123 HTTP/1.1\" 200 74 \"-\" \"HTTPie\"","service":"user-service","timestamp":"2026-07-07T13:54:22.216Z"}
{"level":"info","message":"::1 - - [07/Jul/2026:13:54:22 +0000] \"GET /health?email=contact%40jsmastery.com%0A&name%0A=Adrian&password=123123 HTTP/1.1\" 200 74 \"-\" \"HTTPie\"","service":"user-service","timestamp":"2026-07-07T13:54:22.386Z"}
{"level":"info","message":"::1 - - [07/Jul/2026:13:54:22 +0000] \"GET /health?email=contact%40jsmastery.com%0A&name%0A=Adrian&password=123123 HTTP/1.1\" 200 74 \"-\" \"HTTPie\"","service":"user-service","timestamp":"2026-07-07T13:54:22.568Z"}
{"level":"info","message":"::1 - - [07/Jul/2026:13:54:22 +0000] \"GET /health?email=contact%40jsmastery.com%0A&name%0A=Adrian&password=123123 HTTP/1.1\" 200 74 \"-\" \"HTTPie\"","service":"user-service","timestamp":"2026-07-07T13:54:22.765Z"}
{"level":"info","message":"::1 - - [07/Jul/2026:13:54:22 +0000] \"GET /health?email=contact%40jsmastery.com%0A&name%0A=Adrian&password=123123 HTTP/1.1\" 200 73 \"-\" \"HTTPie\"","service":"user-service","timestamp":"2026-07-07T13:54:22.936Z"}
{"level":"info","message":"::1 - - [07/Jul/2026:13:54:23 +0000] \"GET /health?email=contact%40jsmastery.com%0A&name%0A=Adrian&password=123123 HTTP/1.1\" 200 74 \"-\" \"HTTPie\"","service":"user-service","timestamp":"2026-07-07T13:54:23.117Z"}
{"level":"info","message":"::1 - - [07/Jul/2026:13:54:23 +0000] \"GET /health?email=contact%40jsmastery.com%0A&name%0A=Adrian&password=123123 HTTP/1.1\" 200 74 \"-\" \"HTTPie\"","service":"user-service","timestamp":"2026-07-07T13:54:23.292Z"}
{"level":"info","message":"::1 - - [07/Jul/2026:13:54:23 +0000] \"GET /health?email=contact%40jsmastery.com%0A&name%0A=Adrian&password=123123 HTTP/1.1\" 200 74 \"-\" \"HTTPie\"","service":"user-service","timestamp":"2026-07-07T13:54:23.461Z"}
{"level":"info","message":"::1 - - [07/Jul/2026:13:54:23 +0000] \"GET /health?email=contact%40jsmastery.com%0A&name%0A=Adrian&password=123123 HTTP/1.1\" 200 74 \"-\" \"HTTPie\"","service":"user-service","timestamp":"2026-07-07T13:54:23.646Z"}
{"level":"info","message":"::1 - - [07/Jul/2026:13:54:23 +0000] \"GET /health?email=contact%40jsmastery.com%0A&name%0A=Adrian&password=123123 HTTP/1.1\" 200 74 \"-\" \"HTTPie\"","service":"user-service","timestamp":"2026-07-07T13:54:23.834Z"}
{"level":"info","message":"::1 - - [07/Jul/2026:13:54:24 +0000] \"GET /health?email=contact%40jsmastery.com%0A&name%0A=Adrian&password=123123 HTTP/1.1\" 200 74 \"-\" \"HTTPie\"","service":"user-service","timestamp":"2026-07-07T13:54:24.021Z"}
{"level":"info","message":"::1 - - [07/Jul/2026:13:54:24 +0000] \"GET /health?email=contact%40jsmastery.com%0A&name%0A=Adrian&password=123123 HTTP/1.1\" 200 74 \"-\" \"HTTPie\"","service":"user-service","timestamp":"2026-07-07T13:54:24.191Z"}
{"level":"info","message":"::1 - - [07/Jul/2026:13:54:24 +0000] \"GET /health?email=contact%40jsmastery.com%0A&name%0A=Adrian&password=123123 HTTP/1.1\" 200 74 \"-\" \"HTTPie\"","service":"user-service","timestamp":"2026-07-07T13:54:24.386Z"}
{"level":"info","message":"::1 - - [07/Jul/2026:13:54:24 +0000] \"GET /health?email=contact%40jsmastery.com%0A&name%0A=Adrian&password=123123 HTTP/1.1\" 200 74 \"-\" \"HTTPie\"","service":"user-service","timestamp":"2026-07-07T13:54:24.570Z"}
{"level":"info","message":"::1 - - [07/Jul/2026:13:54:24 +0000] \"GET /health?email=contact%40jsmastery.com%0A&name%0A=Adrian&password=123123 HTTP/1.1\" 200 74 \"-\" \"HTTPie\"","service":"user-service","timestamp":"2026-07-07T13:54:24.752Z"}
{"level":"info","message":"::1 - - [07/Jul/2026:13:54:24 +0000] \"GET /health?email=contact%40jsmastery.com%0A&name%0A=Adrian&password=123123 HTTP/1.1\" 200 74 \"-\" \"HTTPie\"","service":"user-service","timestamp":"2026-07-07T13:54:24.944Z"}
{"level":"info","message":"::1 - - [07/Jul/2026:13:54:25 +0000] \"GET /health?email=contact%40jsmastery.com%0A&name%0A=Adrian&password=123123 HTTP/1.1\" 200 74 \"-\" \"HTTPie\"","service":"user-service","timestamp":"2026-07-07T13:54:25.129Z"}
{"level":"info","message":"::1 - - [07/Jul/2026:13:54:25 +0000] \"GET /health?email=contact%40jsmastery.com%0A&name%0A=Adrian&password=123123 HTTP/1.1\" 200 74 \"-\" \"HTTPie\"","service":"user-service","timestamp":"2026-07-07T13:54:25.303Z"}
{"level":"info","message":"Hello from the acquisitions service!","service":"user-service","timestamp":"2026-07-07T14:04:30.993Z"}
{"level":"info","message":"::1 - - [07/Jul/2026:14:04:31 +0000] \"GET / HTTP/1.1\" 304 - \"-\" \"Mozilla/5.0 (Windows NT 10.0; Win64; x64) AppleWebKit/537.36 (KHTML, like Gecko) Code/1.127.0 Chrome/148.0.7778.97 Electron/42.2.0 Safari/537.36\"","service":"user-service","timestamp":"2026-07-07T14:04:31.001Z"}
{"level":"info","message":"::1 - - [07/Jul/2026:14:04:35 +0000] \"GET /health HTTP/1.1\" 200 72 \"-\" \"Mozilla/5.0 (Windows NT 10.0; Win64; x64) AppleWebKit/537.36 (KHTML, like Gecko) Code/1.127.0 Chrome/148.0.7778.97 Electron/42.2.0 Safari/537.36\"","service":"user-service","timestamp":"2026-07-07T14:04:35.945Z"}
{"level":"info","message":"::1 - - [07/Jul/2026:14:04:40 +0000] \"GET /health?email=contact%40jsmastery.com%0A&name%0A=Adrian&password=123123 HTTP/1.1\" 200 74 \"-\" \"HTTPie\"","service":"user-service","timestamp":"2026-07-07T14:04:40.571Z"}
{"level":"info","message":"::1 - - [07/Jul/2026:14:04:40 +0000] \"GET /health?email=contact%40jsmastery.com%0A&name%0A=Adrian&password=123123 HTTP/1.1\" 200 74 \"-\" \"HTTPie\"","service":"user-service","timestamp":"2026-07-07T14:04:40.749Z"}
{"level":"info","message":"::1 - - [07/Jul/2026:14:04:40 +0000] \"GET /health?email=contact%40jsmastery.com%0A&name%0A=Adrian&password=123123 HTTP/1.1\" 200 74 \"-\" \"HTTPie\"","service":"user-service","timestamp":"2026-07-07T14:04:40.928Z"}
{"level":"info","message":"::1 - - [07/Jul/2026:14:04:41 +0000] \"GET /health?email=contact%40jsmastery.com%0A&name%0A=Adrian&password=123123 HTTP/1.1\" 200 74 \"-\" \"HTTPie\"","service":"user-service","timestamp":"2026-07-07T14:04:41.197Z"}
{"level":"info","message":"::1 - - [07/Jul/2026:14:04:41 +0000] \"GET /health?email=contact%40jsmastery.com%0A&name%0A=Adrian&password=123123 HTTP/1.1\" 200 73 \"-\" \"HTTPie\"","service":"user-service","timestamp":"2026-07-07T14:04:41.365Z"}
{"level":"info","message":"::1 - - [07/Jul/2026:14:04:41 +0000] \"GET /health?email=contact%40jsmastery.com%0A&name%0A=Adrian&password=123123 HTTP/1.1\" 200 74 \"-\" \"HTTPie\"","service":"user-service","timestamp":"2026-07-07T14:04:41.535Z"}
{"level":"info","message":"::1 - - [07/Jul/2026:14:04:41 +0000] \"GET /health?email=contact%40jsmastery.com%0A&name%0A=Adrian&password=123123 HTTP/1.1\" 200 74 \"-\" \"HTTPie\"","service":"user-service","timestamp":"2026-07-07T14:04:41.828Z"}
{"level":"info","message":"::1 - - [07/Jul/2026:14:04:42 +0000] \"GET /health?email=contact%40jsmastery.com%0A&name%0A=Adrian&password=123123 HTTP/1.1\" 200 74 \"-\" \"HTTPie\"","service":"user-service","timestamp":"2026-07-07T14:04:42.006Z"}
{"level":"info","message":"::1 - - [07/Jul/2026:14:04:42 +0000] \"GET /health?email=contact%40jsmastery.com%0A&name%0A=Adrian&password=123123 HTTP/1.1\" 200 74 \"-\" \"HTTPie\"","service":"user-service","timestamp":"2026-07-07T14:04:42.273Z"}
{"level":"info","message":"::1 - - [07/Jul/2026:14:04:42 +0000] \"GET /health?email=contact%40jsmastery.com%0A&name%0A=Adrian&password=123123 HTTP/1.1\" 200 74 \"-\" \"HTTPie\"","service":"user-service","timestamp":"2026-07-07T14:04:42.500Z"}
{"level":"info","message":"::1 - - [07/Jul/2026:14:04:43 +0000] \"GET /health?email=contact%40jsmastery.com%0A&name%0A=Adrian&password=123123 HTTP/1.1\" 200 74 \"-\" \"HTTPie\"","service":"user-service","timestamp":"2026-07-07T14:04:43.196Z"}
{"level":"info","message":"::1 - - [07/Jul/2026:14:04:43 +0000] \"GET /health?email=contact%40jsmastery.com%0A&name%0A=Adrian&password=123123 HTTP/1.1\" 200 74 \"-\" \"HTTPie\"","service":"user-service","timestamp":"2026-07-07T14:04:43.783Z"}
{"ip":"::1","level":"warn","message":"Shield detection","method":"GET","path":"/health","role":"guest","service":"user-service","timestamp":"2026-07-07T14:07:02.534Z","userAgent":"HTTPie"}
{"level":"info","message":"::1 - - [07/Jul/2026:14:07:02 +0000] \"GET /health?email=contact%40jsmastery.com%0A&name%0A=Adrian&password=123123 HTTP/1.1\" 403 72 \"-\" \"HTTPie\"","service":"user-service","timestamp":"2026-07-07T14:07:02.549Z"}
{"ip":"::1","level":"warn","message":"Shield detection","method":"GET","path":"/health","role":"guest","service":"user-service","timestamp":"2026-07-07T14:07:02.878Z","userAgent":"HTTPie"}
{"level":"info","message":"::1 - - [07/Jul/2026:14:07:02 +0000] \"GET /health?email=contact%40jsmastery.com%0A&name%0A=Adrian&password=123123 HTTP/1.1\" 403 72 \"-\" \"HTTPie\"","service":"user-service","timestamp":"2026-07-07T14:07:02.881Z"}
{"ip":"::1","level":"warn","message":"Shield detection","method":"GET","path":"/health","role":"guest","service":"user-service","timestamp":"2026-07-07T14:07:03.101Z","userAgent":"HTTPie"}
{"level":"info","message":"::1 - - [07/Jul/2026:14:07:03 +0000] \"GET /health?email=contact%40jsmastery.com%0A&name%0A=Adrian&password=123123 HTTP/1.1\" 403 72 \"-\" \"HTTPie\"","service":"user-service","timestamp":"2026-07-07T14:07:03.103Z"}
{"ip":"::1","level":"warn","message":"Shield detection","method":"GET","path":"/health","role":"guest","service":"user-service","timestamp":"2026-07-07T14:07:03.344Z","userAgent":"HTTPie"}
{"level":"info","message":"::1 - - [07/Jul/2026:14:07:03 +0000] \"GET /health?email=contact%40jsmastery.com%0A&name%0A=Adrian&password=123123 HTTP/1.1\" 403 72 \"-\" \"HTTPie\"","service":"user-service","timestamp":"2026-07-07T14:07:03.346Z"}
{"ip":"::1","level":"warn","message":"Shield detection","method":"GET","path":"/health","role":"guest","service":"user-service","timestamp":"2026-07-07T14:07:04.179Z","userAgent":"HTTPie"}
{"level":"info","message":"::1 - - [07/Jul/2026:14:07:04 +0000] \"GET /health?email=contact%40jsmastery.com%0A&name%0A=Adrian&password=123123 HTTP/1.1\" 403 72 \"-\" \"HTTPie\"","service":"user-service","timestamp":"2026-07-07T14:07:04.182Z"}
{"ip":"::1","level":"warn","message":"Shield detection","method":"GET","path":"/health","role":"guest","service":"user-service","timestamp":"2026-07-07T14:07:04.393Z","userAgent":"HTTPie"}
{"level":"info","message":"::1 - - [07/Jul/2026:14:07:04 +0000] \"GET /health?email=contact%40jsmastery.com%0A&name%0A=Adrian&password=123123 HTTP/1.1\" 403 72 \"-\" \"HTTPie\"","service":"user-service","timestamp":"2026-07-07T14:07:04.396Z"}
{"ip":"::1","level":"warn","message":"Shield detection","method":"GET","path":"/health","role":"guest","service":"user-service","timestamp":"2026-07-07T14:07:04.585Z","userAgent":"HTTPie"}
{"level":"info","message":"::1 - - [07/Jul/2026:14:07:04 +0000] \"GET /health?email=contact%40jsmastery.com%0A&name%0A=Adrian&password=123123 HTTP/1.1\" 403 72 \"-\" \"HTTPie\"","service":"user-service","timestamp":"2026-07-07T14:07:04.587Z"}
{"ip":"::1","level":"warn","message":"Shield detection","method":"GET","path":"/health","role":"guest","service":"user-service","timestamp":"2026-07-07T14:07:09.915Z","userAgent":"HTTPie"}
{"level":"info","message":"::1 - - [07/Jul/2026:14:07:09 +0000] \"GET /health?email=contact%40jsmastery.com%0A&name%0A=Adrian&password=123123 HTTP/1.1\" 403 72 \"-\" \"HTTPie\"","service":"user-service","timestamp":"2026-07-07T14:07:09.917Z"}
{"ip":"::1","level":"warn","message":"Shield detection","method":"GET","path":"/health","role":"guest","service":"user-service","timestamp":"2026-07-07T14:08:03.179Z","userAgent":"HTTPie"}
{"level":"info","message":"::1 - - [07/Jul/2026:14:08:03 +0000] \"GET /health?email=contact%40jsmastery.com%0A&name%0A=Adrian&password=123123 HTTP/1.1\" 403 72 \"-\" \"HTTPie\"","service":"user-service","timestamp":"2026-07-07T14:08:03.181Z"}
{"ip":"::1","level":"warn","message":"Shield detection","method":"GET","path":"/health","role":"guest","service":"user-service","timestamp":"2026-07-07T14:08:04.562Z","userAgent":"HTTPie"}
{"level":"info","message":"::1 - - [07/Jul/2026:14:08:04 +0000] \"GET /health?email=contact%40jsmastery.com%0A&name%0A=Adrian&password=123123 HTTP/1.1\" 403 72 \"-\" \"HTTPie\"","service":"user-service","timestamp":"2026-07-07T14:08:04.565Z"}
{"ip":"::1","level":"warn","message":"Shield detection","method":"GET","path":"/","role":"guest","service":"user-service","timestamp":"2026-07-07T14:08:09.360Z","userAgent":"HTTPie"}
{"level":"info","message":"::1 - - [07/Jul/2026:14:08:09 +0000] \"GET /?email=contact%40jsmastery.com%0A&name%0A=Adrian&password=123123 HTTP/1.1\" 403 72 \"-\" \"HTTPie\"","service":"user-service","timestamp":"2026-07-07T14:08:09.362Z"}
{"ip":"::1","level":"warn","message":"Shield detection","method":"GET","path":"/","role":"guest","service":"user-service","timestamp":"2026-07-07T14:09:25.798Z","userAgent":"Mozilla/5.0 (Windows NT 10.0; Win64; x64) AppleWebKit/537.36 (KHTML, like Gecko) Code/1.127.0 Chrome/148.0.7778.97 Electron/42.2.0 Safari/537.36"}
{"level":"info","message":"::1 - - [07/Jul/2026:14:09:25 +0000] \"GET / HTTP/1.1\" 403 72 \"-\" \"Mozilla/5.0 (Windows NT 10.0; Win64; x64) AppleWebKit/537.36 (KHTML, like Gecko) Code/1.127.0 Chrome/148.0.7778.97 Electron/42.2.0 Safari/537.36\"","service":"user-service","timestamp":"2026-07-07T14:09:25.804Z"}
{"ip":"::1","level":"warn","message":"Shield detection","method":"GET","path":"/health","role":"guest","service":"user-service","timestamp":"2026-07-07T14:09:35.761Z","userAgent":"Mozilla/5.0 (Windows NT 10.0; Win64; x64) AppleWebKit/537.36 (KHTML, like Gecko) Code/1.127.0 Chrome/148.0.7778.97 Electron/42.2.0 Safari/537.36"}
{"level":"info","message":"::1 - - [07/Jul/2026:14:09:35 +0000] \"GET /health HTTP/1.1\" 403 72 \"-\" \"Mozilla/5.0 (Windows NT 10.0; Win64; x64) AppleWebKit/537.36 (KHTML, like Gecko) Code/1.127.0 Chrome/148.0.7778.97 Electron/42.2.0 Safari/537.36\"","service":"user-service","timestamp":"2026-07-07T14:09:35.761Z"}
{"level":"info","message":"Hello from the acquisitions service!","service":"user-service","timestamp":"2026-07-07T14:11:06.257Z"}
{"level":"info","message":"::1 - - [07/Jul/2026:14:11:06 +0000] \"GET / HTTP/1.1\" 200 36 \"-\" \"Mozilla/5.0 (Windows NT 10.0; Win64; x64) AppleWebKit/537.36 (KHTML, like Gecko) Code/1.127.0 Chrome/148.0.7778.97 Electron/42.2.0 Safari/537.36\"","service":"user-service","timestamp":"2026-07-07T14:11:06.261Z"}
{"level":"info","message":"Hello from the acquisitions service!","service":"user-service","timestamp":"2026-07-07T14:13:06.418Z"}
{"level":"info","message":"::1 - - [07/Jul/2026:14:13:06 +0000] \"GET / HTTP/1.1\" 304 - \"-\" \"Mozilla/5.0 (Windows NT 10.0; Win64; x64) AppleWebKit/537.36 (KHTML, like Gecko) Code/1.127.0 Chrome/148.0.7778.97 Electron/42.2.0 Safari/537.36\"","service":"user-service","timestamp":"2026-07-07T14:13:06.422Z"}
{"level":"info","message":"Hello from the acquisitions service!","service":"user-service","timestamp":"2026-07-07T14:13:12.340Z"}
{"level":"info","message":"::1 - - [07/Jul/2026:14:13:12 +0000] \"GET /?email=contact%40jsmastery.com%0A&name%0A=Adrian&password=123123 HTTP/1.1\" 200 36 \"-\" \"HTTPie\"","service":"user-service","timestamp":"2026-07-07T14:13:12.342Z"}
{"ip":"::1","level":"warn","message":"Rate limit exceeded","path":"/health","role":"guest","service":"user-service","timestamp":"2026-07-07T14:13:16.202Z"}
{"level":"info","message":"::1 - - [07/Jul/2026:14:13:16 +0000] \"GET /health?email=contact%40jsmastery.com%0A&name%0A=Adrian&password=123123 HTTP/1.1\" 429 79 \"-\" \"HTTPie\"","service":"user-service","timestamp":"2026-07-07T14:13:16.204Z"}
{"ip":"::1","level":"warn","message":"Rate limit exceeded","path":"/health","role":"guest","service":"user-service","timestamp":"2026-07-07T14:13:19.294Z"}
{"level":"info","message":"::1 - - [07/Jul/2026:14:13:19 +0000] \"GET /health?email=contact%40jsmastery.com%0A&name%0A=Adrian&password=123123 HTTP/1.1\" 429 79 \"-\" \"HTTPie\"","service":"user-service","timestamp":"2026-07-07T14:13:19.295Z"}
{"level":"info","message":"Hello from the acquisitions service!","service":"user-service","timestamp":"2026-07-07T14:14:07.246Z"}
{"level":"info","message":"::1 - - [07/Jul/2026:14:14:07 +0000] \"GET / HTTP/1.1\" 304 - \"-\" \"Mozilla/5.0 (Windows NT 10.0; Win64; x64) AppleWebKit/537.36 (KHTML, like Gecko) Code/1.127.0 Chrome/148.0.7778.97 Electron/42.2.0 Safari/537.36\"","service":"user-service","timestamp":"2026-07-07T14:14:07.251Z"}
{"level":"info","message":"::1 - - [07/Jul/2026:14:14:11 +0000] \"GET /health HTTP/1.1\" 200 73 \"-\" \"Mozilla/5.0 (Windows NT 10.0; Win64; x64) AppleWebKit/537.36 (KHTML, like Gecko) Code/1.127.0 Chrome/148.0.7778.97 Electron/42.2.0 Safari/537.36\"","service":"user-service","timestamp":"2026-07-07T14:14:11.957Z"}
{"level":"info","message":"::1 - - [07/Jul/2026:14:14:16 +0000] \"GET /health?email=contact%40jsmastery.com%0A&name%0A=Adrian&password=123123 HTTP/1.1\" 200 74 \"-\" \"HTTPie\"","service":"user-service","timestamp":"2026-07-07T14:14:16.658Z"}
{"level":"info","message":"::1 - - [07/Jul/2026:14:14:17 +0000] \"GET /health?email=contact%40jsmastery.com%0A&name%0A=Adrian&password=123123 HTTP/1.1\" 200 74 \"-\" \"HTTPie\"","service":"user-service","timestamp":"2026-07-07T14:14:17.855Z"}
{"level":"info","message":"::1 - - [07/Jul/2026:14:14:18 +0000] \"GET /health?email=contact%40jsmastery.com%0A&name%0A=Adrian&password=123123 HTTP/1.1\" 200 74 \"-\" \"HTTPie\"","service":"user-service","timestamp":"2026-07-07T14:14:18.651Z"}
{"ip":"::1","level":"warn","message":"Rate limit exceeded","path":"/health","role":"guest","service":"user-service","timestamp":"2026-07-07T14:14:19.421Z"}
{"level":"info","message":"::1 - - [07/Jul/2026:14:14:19 +0000] \"GET /health?email=contact%40jsmastery.com%0A&name%0A=Adrian&password=123123 HTTP/1.1\" 429 79 \"-\" \"HTTPie\"","service":"user-service","timestamp":"2026-07-07T14:14:19.424Z"}
{"ip":"::1","level":"warn","message":"Rate limit exceeded","path":"/health","role":"guest","service":"user-service","timestamp":"2026-07-07T14:14:20.012Z"}
{"level":"info","message":"::1 - - [07/Jul/2026:14:14:20 +0000] \"GET /health?email=contact%40jsmastery.com%0A&name%0A=Adrian&password=123123 HTTP/1.1\" 429 79 \"-\" \"HTTPie\"","service":"user-service","timestamp":"2026-07-07T14:14:20.014Z"}
{"level":"info","message":"Hello from the acquisitions service!","service":"user-service","timestamp":"2026-07-07T14:33:24.984Z"}
{"level":"info","message":"::1 - - [07/Jul/2026:14:33:24 +0000] \"GET / HTTP/1.1\" 304 - \"-\" \"Mozilla/5.0 (Windows NT 10.0; Win64; x64) AppleWebKit/537.36 (KHTML, like Gecko) Code/1.127.0 Chrome/148.0.7778.97 Electron/42.2.0 Safari/537.36\"","service":"user-service","timestamp":"2026-07-07T14:33:24.988Z"}
{"level":"info","message":"Hello from the acquisitions service!","service":"user-service","timestamp":"2026-07-07T15:11:23.679Z"}
{"level":"info","message":"::1 - - [07/Jul/2026:15:11:23 +0000] \"GET / HTTP/1.1\" 304 - \"-\" \"Mozilla/5.0 (Windows NT 10.0; Win64; x64) AppleWebKit/537.36 (KHTML, like Gecko) Code/1.127.0 Chrome/148.0.7778.97 Electron/42.2.0 Safari/537.36\"","service":"user-service","timestamp":"2026-07-07T15:11:23.685Z"}
{"level":"info","message":"::1 - - [07/Jul/2026:15:11:28 +0000] \"GET /health HTTP/1.1\" 200 73 \"-\" \"Mozilla/5.0 (Windows NT 10.0; Win64; x64) AppleWebKit/537.36 (KHTML, like Gecko) Code/1.127.0 Chrome/148.0.7778.97 Electron/42.2.0 Safari/537.36\"","service":"user-service","timestamp":"2026-07-07T15:11:28.410Z"}
{"level":"info","message":"Hello from the acquisitions service!","service":"user-service","timestamp":"2026-07-08T13:49:51.724Z"}
{"level":"info","message":"::1 - - [08/Jul/2026:13:49:51 +0000] \"GET / HTTP/1.1\" 304 - \"-\" \"Mozilla/5.0 (Windows NT 10.0; Win64; x64) AppleWebKit/537.36 (KHTML, like Gecko) Code/1.127.0 Chrome/148.0.7778.97 Electron/42.2.0 Safari/537.36\"","service":"user-service","timestamp":"2026-07-08T13:49:51.729Z"}
{"level":"info","message":"::1 - - [08/Jul/2026:13:50:02 +0000] \"GET /health HTTP/1.1\" 200 74 \"-\" \"Mozilla/5.0 (Windows NT 10.0; Win64; x64) AppleWebKit/537.36 (KHTML, like Gecko) Code/1.127.0 Chrome/148.0.7778.97 Electron/42.2.0 Safari/537.36\"","service":"user-service","timestamp":"2026-07-08T13:50:02.515Z"}
{"level":"info","message":"::1 - - [08/Jul/2026:13:50:42 +0000] \"GET /health HTTP/1.1\" 200 74 \"-\" \"Mozilla/5.0 (Windows NT; Windows NT 10.0; en-US) WindowsPowerShell/5.1.26100.8655\"","service":"user-service","timestamp":"2026-07-08T13:50:42.484Z"}
{"level":"info","message":"::1 - - [08/Jul/2026:13:50:51 +0000] \"GET /health HTTP/1.1\" 200 74 \"-\" \"Mozilla/5.0 (Windows NT; Windows NT 10.0; en-US) WindowsPowerShell/5.1.26100.8655\"","service":"user-service","timestamp":"2026-07-08T13:50:51.250Z"}
{"level":"info","message":"::1 - - [08/Jul/2026:13:51:27 +0000] \"GET /health HTTP/1.1\" 200 75 \"-\" \"Mozilla/5.0 (Windows NT; Windows NT 10.0; en-US) WindowsPowerShell/5.1.26100.8655\"","service":"user-service","timestamp":"2026-07-08T13:51:27.145Z"}
{"level":"info","message":"::1 - - [08/Jul/2026:13:51:27 +0000] \"GET /health HTTP/1.1\" 200 75 \"-\" \"Mozilla/5.0 (Windows NT; Windows NT 10.0; en-US) WindowsPowerShell/5.1.26100.8655\"","service":"user-service","timestamp":"2026-07-08T13:51:27.345Z"}
{"level":"info","message":"::1 - - [08/Jul/2026:13:51:27 +0000] \"GET /health HTTP/1.1\" 200 75 \"-\" \"Mozilla/5.0 (Windows NT; Windows NT 10.0; en-US) WindowsPowerShell/5.1.26100.8655\"","service":"user-service","timestamp":"2026-07-08T13:51:27.551Z"}
{"level":"info","message":"::1 - - [08/Jul/2026:13:51:27 +0000] \"GET /health HTTP/1.1\" 200 75 \"-\" \"Mozilla/5.0 (Windows NT; Windows NT 10.0; en-US) WindowsPowerShell/5.1.26100.8655\"","service":"user-service","timestamp":"2026-07-08T13:51:27.750Z"}
{"ip":"::1","level":"warn","message":"Rate limit exceeded","path":"/health","role":"guest","service":"user-service","timestamp":"2026-07-08T13:51:27.972Z"}
{"level":"info","message":"::1 - - [08/Jul/2026:13:51:27 +0000] \"GET /health HTTP/1.1\" 429 79 \"-\" \"Mozilla/5.0 (Windows NT; Windows NT 10.0; en-US) WindowsPowerShell/5.1.26100.8655\"","service":"user-service","timestamp":"2026-07-08T13:51:27.974Z"}
{"ip":"::1","level":"warn","message":"Rate limit exceeded","path":"/health","role":"guest","service":"user-service","timestamp":"2026-07-08T13:51:28.106Z"}
{"level":"info","message":"::1 - - [08/Jul/2026:13:51:28 +0000] \"GET /health HTTP/1.1\" 429 79 \"-\" \"Mozilla/5.0 (Windows NT; Windows NT 10.0; en-US) WindowsPowerShell/5.1.26100.8655\"","service":"user-service","timestamp":"2026-07-08T13:51:28.108Z"}
{"ip":"::1","level":"warn","message":"Rate limit exceeded","path":"/health","role":"guest","service":"user-service","timestamp":"2026-07-08T13:51:28.132Z"}
{"level":"info","message":"::1 - - [08/Jul/2026:13:51:28 +0000] \"GET /health HTTP/1.1\" 429 79 \"-\" \"Mozilla/5.0 (Windows NT; Windows NT 10.0; en-US) WindowsPowerShell/5.1.26100.8655\"","service":"user-service","timestamp":"2026-07-08T13:51:28.133Z"}
{"ip":"::1","level":"warn","message":"Rate limit exceeded","path":"/health","role":"guest","service":"user-service","timestamp":"2026-07-08T13:51:28.153Z"}
{"level":"info","message":"::1 - - [08/Jul/2026:13:51:28 +0000] \"GET /health HTTP/1.1\" 429 79 \"-\" \"Mozilla/5.0 (Windows NT; Windows NT 10.0; en-US) WindowsPowerShell/5.1.26100.8655\"","service":"user-service","timestamp":"2026-07-08T13:51:28.154Z"}
{"ip":"::1","level":"warn","message":"Rate limit exceeded","path":"/health","role":"guest","service":"user-service","timestamp":"2026-07-08T13:51:37.238Z"}
{"level":"info","message":"::1 - - [08/Jul/2026:13:51:37 +0000] \"GET /health HTTP/1.1\" 429 79 \"-\" \"Mozilla/5.0 (Windows NT; Windows NT 10.0; en-US) WindowsPowerShell/5.1.26100.8655\"","service":"user-service","timestamp":"2026-07-08T13:51:37.239Z"}
{"ip":"::1","level":"warn","message":"Rate limit exceeded","path":"/health","role":"guest","service":"user-service","timestamp":"2026-07-08T13:51:37.281Z"}
{"level":"info","message":"::1 - - [08/Jul/2026:13:51:37 +0000] \"GET /health HTTP/1.1\" 429 79 \"-\" \"Mozilla/5.0 (Windows NT; Windows NT 10.0; en-US) WindowsPowerShell/5.1.26100.8655\"","service":"user-service","timestamp":"2026-07-08T13:51:37.284Z"}
{"ip":"::1","level":"warn","message":"Rate limit exceeded","path":"/health","role":"guest","service":"user-service","timestamp":"2026-07-08T13:51:37.333Z"}
{"level":"info","message":"::1 - - [08/Jul/2026:13:51:37 +0000] \"GET /health HTTP/1.1\" 429 79 \"-\" \"Mozilla/5.0 (Windows NT; Windows NT 10.0; en-US) WindowsPowerShell/5.1.26100.8655\"","service":"user-service","timestamp":"2026-07-08T13:51:37.335Z"}
{"ip":"::1","level":"warn","message":"Rate limit exceeded","path":"/health","role":"guest","service":"user-service","timestamp":"2026-07-08T13:51:37.369Z"}
{"level":"info","message":"::1 - - [08/Jul/2026:13:51:37 +0000] \"GET /health HTTP/1.1\" 429 79 \"-\" \"Mozilla/5.0 (Windows NT; Windows NT 10.0; en-US) WindowsPowerShell/5.1.26100.8655\"","service":"user-service","timestamp":"2026-07-08T13:51:37.370Z"}
{"ip":"::1","level":"warn","message":"Rate limit exceeded","path":"/health","role":"guest","service":"user-service","timestamp":"2026-07-08T13:51:37.401Z"}
{"level":"info","message":"::1 - - [08/Jul/2026:13:51:37 +0000] \"GET /health HTTP/1.1\" 429 79 \"-\" \"Mozilla/5.0 (Windows NT; Windows NT 10.0; en-US) WindowsPowerShell/5.1.26100.8655\"","service":"user-service","timestamp":"2026-07-08T13:51:37.403Z"}
{"ip":"::1","level":"warn","message":"Rate limit exceeded","path":"/health","role":"guest","service":"user-service","timestamp":"2026-07-08T13:51:37.429Z"}
{"level":"info","message":"::1 - - [08/Jul/2026:13:51:37 +0000] \"GET /health HTTP/1.1\" 429 79 \"-\" \"Mozilla/5.0 (Windows NT; Windows NT 10.0; en-US) WindowsPowerShell/5.1.26100.8655\"","service":"user-service","timestamp":"2026-07-08T13:51:37.430Z"}
{"ip":"::1","level":"warn","message":"Rate limit exceeded","path":"/health","role":"guest","service":"user-service","timestamp":"2026-07-08T13:51:37.453Z"}
{"level":"info","message":"::1 - - [08/Jul/2026:13:51:37 +0000] \"GET /health HTTP/1.1\" 429 79 \"-\" \"Mozilla/5.0 (Windows NT; Windows NT 10.0; en-US) WindowsPowerShell/5.1.26100.8655\"","service":"user-service","timestamp":"2026-07-08T13:51:37.454Z"}
{"ip":"::1","level":"warn","message":"Rate limit exceeded","path":"/health","role":"guest","service":"user-service","timestamp":"2026-07-08T13:51:37.476Z"}
{"level":"info","message":"::1 - - [08/Jul/2026:13:51:37 +0000] \"GET /health HTTP/1.1\" 429 79 \"-\" \"Mozilla/5.0 (Windows NT; Windows NT 10.0; en-US) WindowsPowerShell/5.1.26100.8655\"","service":"user-service","timestamp":"2026-07-08T13:51:37.478Z"}
{"ip":"::1","level":"warn","message":"Rate limit exceeded","path":"/health","role":"guest","service":"user-service","timestamp":"2026-07-08T13:51:37.500Z"}
{"level":"info","message":"::1 - - [08/Jul/2026:13:51:37 +0000] \"GET /health HTTP/1.1\" 429 79 \"-\" \"Mozilla/5.0 (Windows NT; Windows NT 10.0; en-US) WindowsPowerShell/5.1.26100.8655\"","service":"user-service","timestamp":"2026-07-08T13:51:37.501Z"}
{"ip":"::1","level":"warn","message":"Rate limit exceeded","path":"/health","role":"guest","service":"user-service","timestamp":"2026-07-08T13:51:37.533Z"}
{"level":"info","message":"::1 - - [08/Jul/2026:13:51:37 +0000] \"GET /health HTTP/1.1\" 429 79 \"-\" \"Mozilla/5.0 (Windows NT; Windows NT 10.0; en-US) WindowsPowerShell/5.1.26100.8655\"","service":"user-service","timestamp":"2026-07-08T13:51:37.534Z"}
{"level":"info","message":"Hello from the acquisitions service!","service":"user-service","timestamp":"2026-07-08T14:23:47.091Z"}
{"level":"info","message":"::ffff:172.20.0.1 - - [08/Jul/2026:14:23:47 +0000] \"GET / HTTP/1.1\" 304 - \"-\" \"Mozilla/5.0 (Windows NT 10.0; Win64; x64) AppleWebKit/537.36 (KHTML, like Gecko) Code/1.128.0 Chrome/148.0.7778.271 Electron/42.5.0 Safari/537.36\"","service":"user-service","timestamp":"2026-07-08T14:23:47.100Z"}
{"level":"info","message":"Hello from the acquisitions service!","service":"user-service","timestamp":"2026-07-08T14:29:04.933Z"}
{"level":"info","message":"::ffff:172.20.0.1 - - [08/Jul/2026:14:29:04 +0000] \"GET / HTTP/1.1\" 304 - \"-\" \"Mozilla/5.0 (Windows NT 10.0; Win64; x64) AppleWebKit/537.36 (KHTML, like Gecko) Code/1.128.0 Chrome/148.0.7778.271 Electron/42.5.0 Safari/537.36\"","service":"user-service","timestamp":"2026-07-08T14:29:04.947Z"}
{"level":"info","message":"Hello from the acquisitions service!","service":"user-service","timestamp":"2026-07-08T15:02:38.676Z"}
{"level":"info","message":"::ffff:172.20.0.1 - - [08/Jul/2026:15:02:38 +0000] \"GET / HTTP/1.1\" 304 - \"-\" \"Mozilla/5.0 (Windows NT 10.0; Win64; x64) AppleWebKit/537.36 (KHTML, like Gecko) Code/1.128.0 Chrome/148.0.7778.271 Electron/42.5.0 Safari/537.36\"","service":"user-service","timestamp":"2026-07-08T15:02:38.685Z"}
{"level":"info","message":"::ffff:172.20.0.1 - - [08/Jul/2026:15:02:44 +0000] \"GET /health HTTP/1.1\" 200 76 \"-\" \"Mozilla/5.0 (Windows NT 10.0; Win64; x64) AppleWebKit/537.36 (KHTML, like Gecko) Code/1.128.0 Chrome/148.0.7778.271 Electron/42.5.0 Safari/537.36\"","service":"user-service","timestamp":"2026-07-08T15:02:44.872Z"}
{"level":"info","message":"Hello from the acquisitions service!","service":"user-service","timestamp":"2026-07-09T15:45:45.455Z"}
{"level":"info","message":"::ffff:172.20.0.1 - - [09/Jul/2026:15:45:45 +0000] \"GET / HTTP/1.1\" 304 - \"-\" \"Mozilla/5.0 (Windows NT 10.0; Win64; x64) AppleWebKit/537.36 (KHTML, like Gecko) Code/1.128.0 Chrome/148.0.7778.271 Electron/42.5.0 Safari/537.36\"","service":"user-service","timestamp":"2026-07-09T15:45:45.470Z"}
{"level":"info","message":"::ffff:172.20.0.1 - - [09/Jul/2026:15:46:01 +0000] \"GET /health HTTP/1.1\" 200 77 \"-\" \"Mozilla/5.0 (Windows NT 10.0; Win64; x64) AppleWebKit/537.36 (KHTML, like Gecko) Code/1.128.0 Chrome/148.0.7778.271 Electron/42.5.0 Safari/537.36\"","service":"user-service","timestamp":"2026-07-09T15:46:01.677Z"}
{"level":"info","message":"Hello from the acquisitions service!","service":"user-service","timestamp":"2026-07-09T15:46:05.666Z"}
{"level":"info","message":"::ffff:172.20.0.1 - - [09/Jul/2026:15:46:05 +0000] \"GET / HTTP/1.1\" 304 - \"-\" \"Mozilla/5.0 (Windows NT 10.0; Win64; x64) AppleWebKit/537.36 (KHTML, like Gecko) Code/1.128.0 Chrome/148.0.7778.271 Electron/42.5.0 Safari/537.36\"","service":"user-service","timestamp":"2026-07-09T15:46:05.669Z"}
{"level":"info","message":"::ffff:172.20.0.1 - - [09/Jul/2026:15:46:12 +0000] \"GET /api/auth HTTP/1.1\" 404 147 \"-\" \"Mozilla/5.0 (Windows NT 10.0; Win64; x64) AppleWebKit/537.36 (KHTML, like Gecko) Code/1.128.0 Chrome/148.0.7778.271 Electron/42.5.0 Safari/537.36\"","service":"user-service","timestamp":"2026-07-09T15:46:12.766Z"}
{"level":"info","message":"Hello from the acquisitions service!","service":"user-service","timestamp":"2026-07-09T15:46:38.893Z"}
{"level":"info","message":"::ffff:172.20.0.1 - - [09/Jul/2026:15:46:38 +0000] \"GET /?email=contact%40jsmastery.com%0A&name%0A=Adrian&password=123123 HTTP/1.1\" 200 36 \"-\" \"HTTPie\"","service":"user-service","timestamp":"2026-07-09T15:46:38.895Z"}
{"level":"info","message":"::ffff:172.20.0.1 - - [09/Jul/2026:15:47:10 +0000] \"POST /api/auth/sign-up HTTP/1.1\" 400 62 \"-\" \"HTTPie\"","service":"user-service","timestamp":"2026-07-09T15:47:10.402Z"}
{"level":"info","message":"::ffff:172.20.0.1 - - [09/Jul/2026:15:48:39 +0000] \"POST /api/auth/sign-up?name=Aayush&email=aayush%40example.com&password=123456&role=user HTTP/1.1\" 400 62 \"-\" \"HTTPie\"","service":"user-service","timestamp":"2026-07-09T15:48:39.932Z"}
{"level":"info","message":"::ffff:172.20.0.1 - - [09/Jul/2026:15:49:56 +0000] \"POST /api/auth/sign-up?name=Aayush&email=aayush%40example.com&password=123456&role=user HTTP/1.1\" 400 62 \"-\" \"HTTPie\"","service":"user-service","timestamp":"2026-07-09T15:49:56.312Z"}
{"level":"info","message":"::ffff:172.20.0.1 - - [09/Jul/2026:15:57:54 +0000] \"GET /api/auth/sign-up HTTP/1.1\" 404 155 \"-\" \"Mozilla/5.0 (Windows NT 10.0; Win64; x64) AppleWebKit/537.36 (KHTML, like Gecko) Code/1.128.0 Chrome/148.0.7778.271 Electron/42.5.0 Safari/537.36\"","service":"user-service","timestamp":"2026-07-09T15:57:54.983Z"}
{"email":"aayush@example.com","level":"info","message":"User registered successfully","service":"user-service","timestamp":"2026-07-09T16:03:41.553Z"}
{"level":"info","message":"::ffff:172.20.0.1 - - [09/Jul/2026:16:03:41 +0000] \"POST /api/auth/sign-up HTTP/1.1\" 201 110 \"-\" \"vscode-restclient\"","service":"user-service","timestamp":"2026-07-09T16:03:41.554Z"}
{"email":"aayush2@example.com","level":"info","message":"User registered successfully","service":"user-service","timestamp":"2026-07-09T16:08:21.837Z"}
{"level":"info","message":"::ffff:172.20.0.1 - - [09/Jul/2026:16:08:21 +0000] \"POST /api/auth/sign-up HTTP/1.1\" 201 118 \"-\" \"vscode-restclient\"","service":"user-service","timestamp":"2026-07-09T16:08:21.841Z"}
{"email":"aayush3@example.com","level":"info","message":"User registered successfully","service":"user-service","timestamp":"2026-07-09T16:13:15.002Z"}
{"level":"info","message":"::ffff:172.20.0.1 - - [09/Jul/2026:16:13:15 +0000] \"POST /api/auth/sign-up HTTP/1.1\" 201 118 \"-\" \"vscode-restclient\"","service":"user-service","timestamp":"2026-07-09T16:13:15.004Z"}
{"email":"aayush4@example.com","level":"info","message":"User registered successfully","service":"user-service","timestamp":"2026-07-09T16:17:39.277Z"}
{"level":"info","message":"::ffff:172.20.0.1 - - [09/Jul/2026:16:17:39 +0000] \"POST /api/auth/sign-up HTTP/1.1\" 201 118 \"-\" \"vscode-restclient\"","service":"user-service","timestamp":"2026-07-09T16:17:39.290Z"}
{"email":"aayush9@example.com","level":"info","message":"User registered successfully","service":"user-service","timestamp":"2026-07-09T16:20:26.107Z"}
{"level":"info","message":"::ffff:172.20.0.1 - - [09/Jul/2026:16:20:26 +0000] \"POST /api/auth/sign-up HTTP/1.1\" 201 118 \"-\" \"vscode-restclient\"","service":"user-service","timestamp":"2026-07-09T16:20:26.117Z"}
{"email":"aayushpro@example.com","level":"info","message":"User registered successfully","service":"user-service","timestamp":"2026-07-09T16:24:31.374Z"}
{"level":"info","message":"::ffff:172.20.0.1 - - [09/Jul/2026:16:24:31 +0000] \"POST /api/auth/sign-up HTTP/1.1\" 201 120 \"-\" \"vscode-restclient\"","service":"user-service","timestamp":"2026-07-09T16:24:31.377Z"}
{"level":"info","message":"========== PASSWORD DEBUG ==========","service":"user-service","timestamp":"2026-07-09T16:37:24.683Z"}
{"level":"info","message":"Email: aayush10@example.com","service":"user-service","timestamp":"2026-07-09T16:37:24.686Z"}
{"level":"info","message":"Plain Password: 12345678","service":"user-service","timestamp":"2026-07-09T16:37:24.686Z"}
{"level":"info","message":"Hashed Password: $2b$10$lDK2pvtn/9cfouLbRHUUwO63jY4ghu56FbEGXMMQwLofFkq0BVG.6","service":"user-service","timestamp":"2026-07-09T16:37:24.687Z"}
{"level":"info","message":"====================================","service":"user-service","timestamp":"2026-07-09T16:37:24.687Z"}
{"email":"aayush10@example.com","level":"info","message":"User registered successfully","service":"user-service","timestamp":"2026-07-09T16:37:24.894Z"}
{"level":"info","message":"::ffff:172.20.0.1 - - [09/Jul/2026:16:37:24 +0000] \"POST /api/auth/sign-up HTTP/1.1\" 201 119 \"-\" \"vscode-restclient\"","service":"user-service","timestamp":"2026-07-09T16:37:24.899Z"}
{"email":"aayush10@example.com","level":"info","message":"User registered successfully","service":"user-service","timestamp":"2026-07-09T16:37:50.217Z"}
{"level":"info","message":"::ffff:172.20.0.1 - - [09/Jul/2026:16:37:50 +0000] \"POST /api/auth/sign-up HTTP/1.1\" 201 119 \"-\" \"vscode-restclient\"","service":"user-service","timestamp":"2026-07-09T16:37:50.239Z"}
{"level":"error","message":"Error in signin controller Invalid email or password","service":"user-service","stack":"Error: Invalid email or password\n    at signinService (file:///app/src/services/auth.service.js:78:11)\n    at process.processTicksAndRejections (node:internal/process/task_queues:104:5)\n    at async signin (file:///app/src/controllers/auth.controller.js:66:20)","timestamp":"2026-07-09T16:52:50.268Z"}
{"level":"info","message":"::ffff:172.20.0.1 - - [09/Jul/2026:16:52:50 +0000] \"POST /api/auth/sign-in HTTP/1.1\" 401 37 \"-\" \"vscode-restclient\"","service":"user-service","timestamp":"2026-07-09T16:52:50.289Z"}
{"level":"error","message":"Error in signin controller Invalid email or password","service":"user-service","stack":"Error: Invalid email or password\n    at signinService (file:///app/src/services/auth.service.js:121:9)\n    at process.processTicksAndRejections (node:internal/process/task_queues:104:5)\n    at async signin (file:///app/src/controllers/auth.controller.js:66:20)","timestamp":"2026-07-09T16:57:17.031Z"}
{"level":"info","message":"::ffff:172.20.0.1 - - [09/Jul/2026:16:57:17 +0000] \"POST /api/auth/sign-in HTTP/1.1\" 401 37 \"-\" \"vscode-restclient\"","service":"user-service","timestamp":"2026-07-09T16:57:17.079Z"}
{"level":"error","message":"Error in signin controller Invalid email or password","service":"user-service","stack":"Error: Invalid email or password\n    at signinService (file:///app/src/services/auth.service.js:128:9)\n    at process.processTicksAndRejections (node:internal/process/task_queues:104:5)\n    at async signin (file:///app/src/controllers/auth.controller.js:66:20)","timestamp":"2026-07-09T17:02:49.463Z"}
{"level":"info","message":"::ffff:172.20.0.1 - - [09/Jul/2026:17:02:49 +0000] \"POST /api/auth/sign-in HTTP/1.1\" 401 37 \"-\" \"vscode-restclient\"","service":"user-service","timestamp":"2026-07-09T17:02:49.469Z"}
{"level":"info","message":"::ffff:172.20.0.1 - - [09/Jul/2026:17:09:01 +0000] \"GET /health HTTP/1.1\" 200 74 \"-\" \"Mozilla/5.0 (Windows NT; Windows NT 10.0; en-US) WindowsPowerShell/5.1.26100.8655\"","service":"user-service","timestamp":"2026-07-09T17:09:01.333Z"}
{"level":"error","message":"Error in signin controller Invalid email or password","service":"user-service","stack":"Error: Invalid email or password\n    at signinService (file:///app/src/services/auth.service.js:128:9)\n    at process.processTicksAndRejections (node:internal/process/task_queues:104:5)\n    at async signin (file:///app/src/controllers/auth.controller.js:66:20)","timestamp":"2026-07-09T17:09:26.897Z"}
{"level":"info","message":"::ffff:172.20.0.1 - - [09/Jul/2026:17:09:26 +0000] \"POST /api/auth/sign-in HTTP/1.1\" 401 37 \"-\" \"vscode-restclient\"","service":"user-service","timestamp":"2026-07-09T17:09:26.900Z"}
{"level":"info","message":"Hello from the acquisitions service!","service":"user-service","timestamp":"2026-07-10T14:29:10.291Z"}
{"level":"info","message":"::ffff:172.20.0.1 - - [10/Jul/2026:14:29:10 +0000] \"GET / HTTP/1.1\" 304 - \"-\" \"Mozilla/5.0 (Windows NT 10.0; Win64; x64) AppleWebKit/537.36 (KHTML, like Gecko) Code/1.128.0 Chrome/148.0.7778.271 Electron/42.5.0 Safari/537.36\"","service":"user-service","timestamp":"2026-07-10T14:29:10.325Z"}
{"email":"aayush20@example.com","level":"info","message":"User registered successfully","service":"user-service","timestamp":"2026-07-10T14:30:20.200Z"}
{"level":"info","message":"::ffff:172.20.0.1 - - [10/Jul/2026:14:30:20 +0000] \"POST /api/auth/sign-up HTTP/1.1\" 201 119 \"-\" \"vscode-restclient\"","service":"user-service","timestamp":"2026-07-10T14:30:20.211Z"}
{"email":"aayush20@example.com","level":"info","message":"User logged in successfully","service":"user-service","timestamp":"2026-07-10T14:31:29.283Z"}
{"level":"info","message":"::ffff:172.20.0.1 - - [10/Jul/2026:14:31:29 +0000] \"POST /api/auth/sign-in HTTP/1.1\" 200 315 \"-\" \"vscode-restclient\"","service":"user-service","timestamp":"2026-07-10T14:31:29.286Z"}
{"email":"aayush20@example.com","level":"info","message":"User logged in successfully","service":"user-service","timestamp":"2026-07-10T14:36:43.343Z"}
{"level":"info","message":"::ffff:172.20.0.1 - - [10/Jul/2026:14:36:43 +0000] \"POST /api/auth/sign-in HTTP/1.1\" 200 315 \"-\" \"vscode-restclient\"","service":"user-service","timestamp":"2026-07-10T14:36:43.344Z"}
{"level":"info","message":"Hello from the acquisitions service!","service":"user-service","timestamp":"2026-07-10T14:58:28.958Z"}
{"level":"info","message":"::ffff:172.20.0.1 - - [10/Jul/2026:14:58:28 +0000] \"GET / HTTP/1.1\" 304 - \"-\" \"Mozilla/5.0 (Windows NT 10.0; Win64; x64) AppleWebKit/537.36 (KHTML, like Gecko) Code/1.128.0 Chrome/148.0.7778.271 Electron/42.5.0 Safari/537.36\"","service":"user-service","timestamp":"2026-07-10T14:58:28.974Z"}
{"level":"error","message":"Error in signin controller Invalid email or password","service":"user-service","stack":"Error: Invalid email or password\n    at signinService (file:///app/src/services/auth.service.js:128:9)\n    at process.processTicksAndRejections (node:internal/process/task_queues:104:5)\n    at async signin (file:///app/src/controllers/auth.controller.js:64:20)","timestamp":"2026-07-10T14:59:17.224Z"}
{"level":"info","message":"::ffff:172.20.0.1 - - [10/Jul/2026:14:59:17 +0000] \"POST /api/auth/sign-in HTTP/1.1\" 401 37 \"-\" \"vscode-restclient\"","service":"user-service","timestamp":"2026-07-10T14:59:17.232Z"}
{"email":"aayush20@example.com","level":"info","message":"User registered successfully","service":"user-service","timestamp":"2026-07-10T15:00:28.450Z"}
{"level":"info","message":"::ffff:172.20.0.1 - - [10/Jul/2026:15:00:28 +0000] \"POST /api/auth/sign-up HTTP/1.1\" 201 119 \"-\" \"vscode-restclient\"","service":"user-service","timestamp":"2026-07-10T15:00:28.452Z"}
{"email":"aayush20@example.com","level":"info","message":"User logged in successfully","service":"user-service","timestamp":"2026-07-10T15:00:51.674Z"}
{"level":"info","message":"::ffff:172.20.0.1 - - [10/Jul/2026:15:00:51 +0000] \"POST /api/auth/sign-in HTTP/1.1\" 200 315 \"-\" \"vscode-restclient\"","service":"user-service","timestamp":"2026-07-10T15:00:51.675Z"}
{"level":"info","message":"::ffff:172.20.0.1 - - [10/Jul/2026:15:03:49 +0000] \"GET /api/auth/profile HTTP/1.1\" 200 147 \"-\" \"vscode-restclient\"","service":"user-service","timestamp":"2026-07-10T15:03:49.125Z"}
{"level":"info","message":"Hello from the acquisitions service!","service":"user-service","timestamp":"2026-07-10T15:10:53.656Z"}
{"level":"info","message":"::ffff:172.20.0.1 - - [10/Jul/2026:15:10:53 +0000] \"GET / HTTP/1.1\" 304 - \"-\" \"Mozilla/5.0 (Windows NT 10.0; Win64; x64) AppleWebKit/537.36 (KHTML, like Gecko) Code/1.128.0 Chrome/148.0.7778.271 Electron/42.5.0 Safari/537.36\"","service":"user-service","timestamp":"2026-07-10T15:10:53.664Z"}
{"level":"info","message":"::ffff:172.20.0.1 - - [10/Jul/2026:15:11:53 +0000] \"GET /api/auth/users HTTP/1.1\" 404 153 \"-\" \"vscode-restclient\"","service":"user-service","timestamp":"2026-07-10T15:11:53.529Z"}
{"level":"info","message":"::ffff:172.20.0.1 - - [10/Jul/2026:15:13:44 +0000] \"GET /api/users HTTP/1.1\" 200 27 \"-\" \"vscode-restclient\"","service":"user-service","timestamp":"2026-07-10T15:13:44.876Z"}
{"level":"info","message":"::ffff:172.20.0.1 - - [10/Jul/2026:15:16:04 +0000] \"GET /api/users HTTP/1.1\" 200 27 \"-\" \"vscode-restclient\"","service":"user-service","timestamp":"2026-07-10T15:16:04.436Z"}
{"level":"info","message":"::ffff:172.20.0.1 - - [10/Jul/2026:15:16:42 +0000] \"GET /api/users HTTP/1.1\" 200 274 \"-\" \"vscode-restclient\"","service":"user-service","timestamp":"2026-07-10T15:16:42.585Z"}
{"level":"info","message":"::ffff:172.20.0.1 - - [10/Jul/2026:15:28:57 +0000] \"DELETE /api/auth/users/1 HTTP/1.1\" 200 102 \"-\" \"vscode-restclient\"","service":"user-service","timestamp":"2026-07-10T15:28:57.954Z"}
{"level":"info","message":"::ffff:172.20.0.1 - - [10/Jul/2026:15:29:14 +0000] \"GET /api/auth/users HTTP/1.1\" 404 153 \"-\" \"vscode-restclient\"","service":"user-service","timestamp":"2026-07-10T15:29:14.712Z"}
{"level":"info","message":"::ffff:172.20.0.1 - - [10/Jul/2026:15:34:23 +0000] \"GET /api/auth/users HTTP/1.1\" 200 51 \"-\" \"vscode-restclient\"","service":"user-service","timestamp":"2026-07-10T15:34:23.938Z"}
{"level":"info","message":"Hello from the acquisitions service!","service":"user-service","timestamp":"2026-07-11T16:31:35.943Z"}
{"level":"info","message":"::ffff:172.20.0.1 - - [11/Jul/2026:16:31:35 +0000] \"GET / HTTP/1.1\" 304 - \"-\" \"Mozilla/5.0 (Windows NT 10.0; Win64; x64) AppleWebKit/537.36 (KHTML, like Gecko) Code/1.128.0 Chrome/148.0.7778.271 Electron/42.5.0 Safari/537.36\"","service":"user-service","timestamp":"2026-07-11T16:31:35.950Z"}
{"level":"info","message":"::ffff:172.20.0.1 - - [11/Jul/2026:16:31:40 +0000] \"GET /api/auth/users/1 HTTP/1.1\" 404 26 \"-\" \"vscode-restclient\"","service":"user-service","timestamp":"2026-07-11T16:31:40.828Z"}
{"level":"info","message":"::ffff:172.20.0.1 - - [11/Jul/2026:16:32:21 +0000] \"GET /api/auth/users HTTP/1.1\" 200 51 \"-\" \"vscode-restclient\"","service":"user-service","timestamp":"2026-07-11T16:32:21.305Z"}
{"level":"info","message":"Hello from the acquisitions service!","service":"user-service","timestamp":"2026-07-11T16:34:51.119Z"}
{"level":"info","message":"::ffff:172.20.0.1 - - [11/Jul/2026:16:34:51 +0000] \"GET / HTTP/1.1\" 304 - \"-\" \"Mozilla/5.0 (Windows NT 10.0; Win64; x64) AppleWebKit/537.36 (KHTML, like Gecko) Code/1.128.0 Chrome/148.0.7778.271 Electron/42.5.0 Safari/537.36\"","service":"user-service","timestamp":"2026-07-11T16:34:51.130Z"}
{"email":"aayush20@example.com","level":"info","message":"User registered successfully","service":"user-service","timestamp":"2026-07-11T16:36:24.702Z"}
{"level":"info","message":"::ffff:172.20.0.1 - - [11/Jul/2026:16:36:24 +0000] \"POST /api/auth/sign-up HTTP/1.1\" 201 119 \"-\" \"vscode-restclient\"","service":"user-service","timestamp":"2026-07-11T16:36:24.704Z"}
{"level":"info","message":"::ffff:172.20.0.1 - - [11/Jul/2026:16:38:00 +0000] \"GET /api HTTP/1.1\" 200 41 \"-\" \"Mozilla/5.0 (Windows NT 10.0; Win64; x64) AppleWebKit/537.36 (KHTML, like Gecko) Code/1.128.0 Chrome/148.0.7778.271 Electron/42.5.0 Safari/537.36\"","service":"user-service","timestamp":"2026-07-11T16:38:00.186Z"}
{"level":"info","message":"::ffff:172.20.0.1 - - [11/Jul/2026:16:39:07 +0000] \"GET /api/auth/users HTTP/1.1\" 200 198 \"-\" \"vscode-restclient\"","service":"user-service","timestamp":"2026-07-11T16:39:07.608Z"}
{"level":"info","message":"::ffff:172.20.0.1 - - [11/Jul/2026:16:40:48 +0000] \"DELETE /api/auth/users/2 HTTP/1.1\" 200 102 \"-\" \"vscode-restclient\"","service":"user-service","timestamp":"2026-07-11T16:40:48.088Z"}
{"level":"info","message":"::ffff:172.20.0.1 - - [11/Jul/2026:16:41:07 +0000] \"GET /api/auth/users HTTP/1.1\" 200 51 \"-\" \"vscode-restclient\"","service":"user-service","timestamp":"2026-07-11T16:41:07.941Z"}
{"level":"info","message":"::ffff:172.20.0.1 - - [11/Jul/2026:16:46:07 +0000] \"PUT /api/auth/users/1 HTTP/1.1\" 404 155 \"-\" \"vscode-restclient\"","service":"user-service","timestamp":"2026-07-11T16:46:07.204Z"}
{"level":"info","message":"::ffff:172.20.0.1 - - [11/Jul/2026:16:48:21 +0000] \"PUT /api/auth/users/1 HTTP/1.1\" 404 26 \"-\" \"vscode-restclient\"","service":"user-service","timestamp":"2026-07-11T16:48:21.074Z"}
{"email":"aayush20@example.com","level":"info","message":"User registered successfully","service":"user-service","timestamp":"2026-07-11T16:49:11.456Z"}
{"level":"info","message":"::ffff:172.20.0.1 - - [11/Jul/2026:16:49:11 +0000] \"POST /api/auth/sign-up HTTP/1.1\" 201 119 \"-\" \"vscode-restclient\"","service":"user-service","timestamp":"2026-07-11T16:49:11.457Z"}
{"level":"info","message":"::ffff:172.20.0.1 - - [11/Jul/2026:16:49:23 +0000] \"GET /api/auth/users HTTP/1.1\" 200 198 \"-\" \"vscode-restclient\"","service":"user-service","timestamp":"2026-07-11T16:49:23.274Z"}
{"level":"info","message":"::ffff:172.20.0.1 - - [11/Jul/2026:16:49:50 +0000] \"PUT /api/auth/users/3 HTTP/1.1\" 200 165 \"-\" \"vscode-restclient\"","service":"user-service","timestamp":"2026-07-11T16:49:50.590Z"}
